CBMC version 5.8 64-bit x86_64 linux
Parsing benchmarks/mysql5/main2.c
Converting
Type-checking main2
Generating GOTO Program
Adding CPROVER library (x86_64)
Removal of function pointers and virtual functions
file <builtin-library-pthread_create> line 46 function pthread_create: replacing function pointer by 2 possible targets
Partial Inlining
Generic Property Instrumentation
Starting Bounded Model Checking
Adding SC constraints
Shared __CPROVER_threads_exited: 4R/3W
Shared __CPROVER_next_thread_id: 7R/3W
Shared sas0: 6R/9W
Shared sas1: 6R/9W
Shared rf_read1: 2R/3W
Shared rf_read2: 2R/3W
Shared rf_check1: 3R/3W
Shared rf_check2: 3R/3W
Shared rf_write01: 3R/3W
Shared rf_write02: 3R/3W
Shared rf_write11: 1R/3W
Shared rf_write12: 2R/3W
Shared rf_write21: 1R/3W
Shared x_SHARED: 5R/4W
Shared y_SHARED: 5R/4W
Shared main::1::thread1!0@1: 1R/2W
Shared main::1::thread2!0@1: 1R/2W
size of program expression: 2150 steps
no slicing due to threads
Generated 9 VCC(s), 9 remaining after simplification
Passing problem to propositional reduction
converting SSA
Running propositional reduction
Post-processing
Solving with MiniSAT 2.2.1 with simplifier
42657 variables, 173432 clauses
SAT checker: instance is SATISFIABLE
Solving with MiniSAT 2.2.1 with simplifier
42657 variables, 103027 clauses
SAT checker: instance is UNSATISFIABLE
Runtime decision procedure: 10.131s

** Results:
[] must hold lock upon unlock: SUCCESS
[pthread_mutex_unlock.assertion.1] must hold lock upon unlock: SUCCESS
[pthread_mutex_unlock.assertion.2] must hold lock upon unlock: SUCCESS
[main.assertion.1] assertion 0: FAILURE
[pthread_mutex_unlock.assertion.3] must hold lock upon unlock: SUCCESS
[pthread_mutex_unlock.assertion.4] must hold lock upon unlock: SUCCESS
[pthread_mutex_unlock.assertion.5] must hold lock upon unlock: SUCCESS
[pthread_mutex_unlock.assertion.6] must hold lock upon unlock: SUCCESS
[pthread_mutex_unlock.assertion.7] must hold lock upon unlock: SUCCESS
[pthread_mutex_unlock.assertion.8] must hold lock upon unlock: SUCCESS

** 1 of 10 failed (2 iterations)
VERIFICATION FAILED
